C:\Program Files (x86)\Microsoft Visual Studio\2017\Community\Common7\IDE\VC\VCTargets\Microsoft.CppBuild.targets(391,5): warning MSB8028: Katalog pośredni (Release\) zawiera pliki udostępnione z innego projektu (SZABLON_SFML3.vcxproj). Może to spowodować niepoprawne zachowanie podczas oczyszczania i ponownej kompilacji.
  main.cpp
c:\users\ecuros\source\repos\szablon_sfml3\main.cpp(35): warning C4244: "argument": konwersja z "float" do "unsigned int", możliwa utrata danych
c:\users\ecuros\source\repos\szablon_sfml3\main.cpp(46): warning C4244: "argument": konwersja z "double" do "sf::Uint8", możliwa utrata danych
c:\users\ecuros\source\repos\szablon_sfml3\main.cpp(47): warning C4244: "argument": konwersja z "double" do "sf::Uint8", możliwa utrata danych
c:\users\ecuros\source\repos\szablon_sfml3\main.cpp(48): warning C4244: "argument": konwersja z "double" do "sf::Uint8", możliwa utrata danych
c:\users\ecuros\source\repos\szablon_sfml3\main.cpp(99): warning C4244: "argument": konwersja z "float" do "unsigned int", możliwa utrata danych
c:\users\ecuros\source\repos\szablon_sfml3\main.cpp(147): warning C4244: "argument": konwersja z "int" do "float", możliwa utrata danych
c:\users\ecuros\source\repos\szablon_sfml3\main.cpp(152): warning C4244: "argument": konwersja z "int" do "float", możliwa utrata danych
c:\users\ecuros\source\repos\szablon_sfml3\main.cpp(158): warning C4244: "argument": konwersja z "int" do "float", możliwa utrata danych
c:\users\ecuros\source\repos\szablon_sfml3\main.cpp(164): warning C4244: "argument": konwersja z "int" do "float", możliwa utrata danych
c:\users\ecuros\source\repos\szablon_sfml3\main.cpp(172): warning C4244: "argument": konwersja z "int" do "float", możliwa utrata danych
c:\users\ecuros\source\repos\szablon_sfml3\main.cpp(181): warning C4244: "argument": konwersja z "int" do "float", możliwa utrata danych
c:\users\ecuros\source\repos\szablon_sfml3\main.cpp(404): warning C4244: "argument": konwersja z "float" do "unsigned int", możliwa utrata danych
c:\users\ecuros\source\repos\szablon_sfml3\main.cpp(405): warning C4244: "argument": konwersja z "double" do "sf::Uint8", możliwa utrata danych
c:\users\ecuros\source\repos\szablon_sfml3\main.cpp(406): warning C4244: "argument": konwersja z "double" do "sf::Uint8", możliwa utrata danych
c:\users\ecuros\source\repos\szablon_sfml3\main.cpp(407): warning C4244: "argument": konwersja z "double" do "sf::Uint8", możliwa utrata danych
c:\users\ecuros\source\repos\szablon_sfml3\main.cpp(449): warning C4244: "argument": konwersja z "float" do "unsigned int", możliwa utrata danych
c:\users\ecuros\source\repos\szablon_sfml3\main.cpp(450): warning C4244: "argument": konwersja z "double" do "sf::Uint8", możliwa utrata danych
c:\users\ecuros\source\repos\szablon_sfml3\main.cpp(452): warning C4244: "argument": konwersja z "double" do "sf::Uint8", możliwa utrata danych
c:\users\ecuros\source\repos\szablon_sfml3\main.cpp(496): warning C4244: "argument": konwersja z "float" do "unsigned int", możliwa utrata danych
  Trwa generowanie kodu
  1 of 144 functions ( 0.7%) were compiled, the rest were copied from previous compilation.
    0 functions were new in current compilation
    0 functions had inline decision re-evaluated but remain unchanged
  Zakończono generowanie kodu
  SZABLON_SFML3.vcxproj -> C:\Users\Ecuros\source\repos\SZABLON_SFML3\Release\PACMAN.exe
